<?xml version="1.0" encoding="UTF-8"?>
<!-- Generated by org.testng.reporters.JUnitReportReporter -->
<testsuite hostname="AIPL-PUN-LT166" failures="0" tests="1" name="mainTestCases.GetBatteryDetails" time="1.784" errors="0" timestamp="24 Nov 2019 18:08:13 GMT" skipped="0">
  <testcase classname="mainTestCases.GetBatteryDetails" name="getBatteryDetails" time="1.784"/>
</testsuite> <!-- mainTestCases.GetBatteryDetails -->
