<?xml version="1.0" encoding="UTF-8"?>
<!-- Generated by org.testng.reporters.JUnitReportReporter -->
<testsuite hostname="AIPL-PUN-LT166" failures="0" tests="3" name="com.altimetrik.inventoryManagement.mainTestCases.GetBatteryDetails" time="2.649" errors="0" timestamp="2019-12-04T15:52:08 IST" skipped="0">
  <testcase classname="com.altimetrik.inventoryManagement.mainTestCases.GetBatteryDetails" name="getBatteryDetailsByValidId" time="0.807"/>
  <testcase classname="com.altimetrik.inventoryManagement.mainTestCases.GetBatteryDetails" name="getBatteryDetailsBySpecialChar" time="0.545"/>
  <testcase classname="com.altimetrik.inventoryManagement.mainTestCases.GetBatteryDetails" name="getBatteryDetailsByInvalidId" time="1.297"/>
</testsuite> <!-- com.altimetrik.inventoryManagement.mainTestCases.GetBatteryDetails -->
