<?xml version="1.0" encoding="UTF-8"?>
<!-- Generated by org.testng.reporters.JUnitReportReporter -->
<testsuite hostname="AIPL-PUN-LT166" failures="0" tests="1" name="com.altimetrik.inventoryManagement.mainTestCases.GetBatteryDetails" time="2.226" errors="0" timestamp="25 Nov 2019 12:23:01 GMT" skipped="0">
  <testcase classname="com.altimetrik.inventoryManagement.mainTestCases.GetBatteryDetails" name="getBatteryDetails" time="2.226"/>
</testsuite> <!-- com.altimetrik.inventoryManagement.mainTestCases.GetBatteryDetails -->
