<?xml version="1.0" encoding="UTF-8"?>
<!-- Generated by org.testng.reporters.JUnitReportReporter -->
<testsuite hostname="AIPL-PUN-LT166" failures="0" tests="1" name="com.altimetrik.inventoryManagement.baseClass.BaseTest" time="1.907" errors="0" timestamp="2019-12-04T15:48:53 IST" skipped="0">
  <testcase classname="com.altimetrik.inventoryManagement.baseClass.BaseTest" name="getBatteryDetailsByValidId" time="1.907"/>
</testsuite> <!-- com.altimetrik.inventoryManagement.baseClass.BaseTest -->
