<?xml version="1.0" encoding="UTF-8"?>
<!-- Generated by org.testng.reporters.JUnitReportReporter -->
<testsuite hostname="AIPL-PUN-LT166" failures="0" tests="3" name="com.altimetrik.inventoryManagement.mainTestCases.GetBatteryDetails" time="3.270" errors="0" timestamp="2019-12-03T12:36:45 IST" skipped="0">
  <testcase classname="com.altimetrik.inventoryManagement.mainTestCases.GetBatteryDetails" name="getBatteryDetailsBySpecialChar" time="0.584"/>
  <testcase classname="com.altimetrik.inventoryManagement.mainTestCases.GetBatteryDetails" name="getBatteryDetailsByValidId" time="0.956"/>
  <testcase classname="com.altimetrik.inventoryManagement.mainTestCases.GetBatteryDetails" name="getBatteryDetailsByInvalidId" time="1.730"/>
</testsuite> <!-- com.altimetrik.inventoryManagement.mainTestCases.GetBatteryDetails -->
